2025/03/23 21:34:29 [notice] 1#1: using the "epoll" event method
2025/03/23 21:34:29 [notice] 1#1: nginx/1.27.4
2025/03/23 21:34:29 [notice] 1#1: built by gcc 14.2.0 (Alpine 14.2.0) 
2025/03/23 21:34:29 [notice] 1#1: OS: Linux 6.13.7-arch1-1
2025/03/23 21:34:29 [notice] 1#1: getrlimit(RLIMIT_NOFILE): 1024:524288
2025/03/23 21:34:29 [notice] 1#1: start worker processes
2025/03/23 21:34:29 [notice] 1#1: start worker process 29
2025/03/23 21:34:29 [notice] 1#1: start worker process 30
2025/03/23 21:34:29 [notice] 1#1: start worker process 31
2025/03/23 21:34:29 [notice] 1#1: start worker process 32
2025/03/23 21:34:29 [notice] 1#1: start worker process 33
2025/03/23 21:34:29 [notice] 1#1: start worker process 34
2025/03/23 21:34:29 [notice] 1#1: start worker process 35
2025/03/23 21:34:29 [notice] 1#1: start worker process 36
2025/03/23 21:34:34 [notice] 1#1: signal 3 (SIGQUIT) received, shutting down
2025/03/23 21:34:34 [notice] 30#30: gracefully shutting down
2025/03/23 21:34:34 [notice] 29#29: gracefully shutting down
2025/03/23 21:34:34 [notice] 31#31: gracefully shutting down
2025/03/23 21:34:34 [notice] 30#30: exiting
2025/03/23 21:34:34 [notice] 36#36: gracefully shutting down
2025/03/23 21:34:34 [notice] 29#29: exiting
2025/03/23 21:34:34 [notice] 31#31: exiting
2025/03/23 21:34:34 [notice] 36#36: exiting
2025/03/23 21:34:34 [notice] 29#29: exit
2025/03/23 21:34:34 [notice] 30#30: exit
2025/03/23 21:34:34 [notice] 34#34: gracefully shutting down
2025/03/23 21:34:34 [notice] 34#34: exiting
2025/03/23 21:34:34 [notice] 31#31: exit
2025/03/23 21:34:34 [notice] 33#33: gracefully shutting down
2025/03/23 21:34:34 [notice] 33#33: exiting
2025/03/23 21:34:34 [notice] 32#32: gracefully shutting down
2025/03/23 21:34:34 [notice] 36#36: exit
2025/03/23 21:34:34 [notice] 35#35: gracefully shutting down
2025/03/23 21:34:34 [notice] 32#32: exiting
2025/03/23 21:34:34 [notice] 35#35: exiting
2025/03/23 21:34:34 [notice] 33#33: exit
2025/03/23 21:34:34 [notice] 35#35: exit
2025/03/23 21:34:34 [notice] 32#32: exit
2025/03/23 21:34:34 [notice] 34#34: exit
2025/03/23 21:34:34 [notice] 1#1: signal 17 (SIGCHLD) received from 31
2025/03/23 21:34:34 [notice] 1#1: worker process 31 exited with code 0
2025/03/23 21:34:34 [notice] 1#1: signal 29 (SIGIO) received
2025/03/23 21:34:34 [notice] 1#1: signal 17 (SIGCHLD) received from 33
2025/03/23 21:34:34 [notice] 1#1: worker process 29 exited with code 0
2025/03/23 21:34:34 [notice] 1#1: worker process 33 exited with code 0
2025/03/23 21:34:34 [notice] 1#1: signal 29 (SIGIO) received
2025/03/23 21:34:34 [notice] 1#1: signal 17 (SIGCHLD) received from 30
2025/03/23 21:34:34 [notice] 1#1: worker process 30 exited with code 0
2025/03/23 21:34:34 [notice] 1#1: worker process 34 exited with code 0
2025/03/23 21:34:34 [notice] 1#1: signal 29 (SIGIO) received
2025/03/23 21:34:34 [notice] 1#1: signal 17 (SIGCHLD) received from 34
2025/03/23 21:34:34 [notice] 1#1: signal 17 (SIGCHLD) received from 35
2025/03/23 21:34:34 [notice] 1#1: worker process 35 exited with code 0
2025/03/23 21:34:34 [notice] 1#1: signal 29 (SIGIO) received
2025/03/23 21:34:34 [notice] 1#1: signal 17 (SIGCHLD) received from 36
2025/03/23 21:34:34 [notice] 1#1: worker process 36 exited with code 0
2025/03/23 21:34:34 [notice] 1#1: signal 29 (SIGIO) received
2025/03/23 21:34:34 [notice] 1#1: signal 17 (SIGCHLD) received from 32
2025/03/23 21:34:34 [notice] 1#1: worker process 32 exited with code 0
2025/03/23 21:34:34 [notice] 1#1: exit
2025/03/23 21:34:48 [notice] 1#1: using the "epoll" event method
2025/03/23 21:34:48 [notice] 1#1: nginx/1.27.4
2025/03/23 21:34:48 [notice] 1#1: built by gcc 14.2.0 (Alpine 14.2.0) 
2025/03/23 21:34:48 [notice] 1#1: OS: Linux 6.13.7-arch1-1
2025/03/23 21:34:48 [notice] 1#1: getrlimit(RLIMIT_NOFILE): 1024:524288
2025/03/23 21:34:48 [notice] 1#1: start worker processes
2025/03/23 21:34:48 [notice] 1#1: start worker process 29
2025/03/23 21:34:48 [notice] 1#1: start worker process 30
2025/03/23 21:34:48 [notice] 1#1: start worker process 31
2025/03/23 21:34:48 [notice] 1#1: start worker process 32
2025/03/23 21:34:48 [notice] 1#1: start worker process 33
2025/03/23 21:34:48 [notice] 1#1: start worker process 34
2025/03/23 21:34:48 [notice] 1#1: start worker process 35
2025/03/23 21:34:48 [notice] 1#1: start worker process 36
2025/03/23 21:36:10 [notice] 1#1: signal 3 (SIGQUIT) received, shutting down
2025/03/23 21:36:10 [notice] 29#29: gracefully shutting down
2025/03/23 21:36:10 [notice] 30#30: gracefully shutting down
2025/03/23 21:36:10 [notice] 31#31: gracefully shutting down
2025/03/23 21:36:10 [notice] 32#32: gracefully shutting down
2025/03/23 21:36:10 [notice] 33#33: gracefully shutting down
2025/03/23 21:36:10 [notice] 34#34: gracefully shutting down
2025/03/23 21:36:10 [notice] 29#29: exiting
2025/03/23 21:36:10 [notice] 30#30: exiting
2025/03/23 21:36:10 [notice] 31#31: exiting
2025/03/23 21:36:10 [notice] 32#32: exiting
2025/03/23 21:36:10 [notice] 33#33: exiting
2025/03/23 21:36:10 [notice] 34#34: exiting
2025/03/23 21:36:10 [notice] 35#35: gracefully shutting down
2025/03/23 21:36:10 [notice] 31#31: exit
2025/03/23 21:36:10 [notice] 32#32: exit
2025/03/23 21:36:10 [notice] 35#35: exiting
2025/03/23 21:36:10 [notice] 30#30: exit
2025/03/23 21:36:10 [notice] 34#34: exit
2025/03/23 21:36:10 [notice] 33#33: exit
2025/03/23 21:36:10 [notice] 35#35: exit
2025/03/23 21:36:10 [notice] 29#29: exit
2025/03/23 21:36:10 [notice] 36#36: gracefully shutting down
2025/03/23 21:36:10 [notice] 36#36: exiting
2025/03/23 21:36:10 [notice] 36#36: exit
2025/03/23 21:36:10 [notice] 1#1: signal 17 (SIGCHLD) received from 29
2025/03/23 21:36:10 [notice] 1#1: worker process 29 exited with code 0
2025/03/23 21:36:10 [notice] 1#1: worker process 30 exited with code 0
2025/03/23 21:36:10 [notice] 1#1: worker process 32 exited with code 0
2025/03/23 21:36:10 [notice] 1#1: worker process 36 exited with code 0
2025/03/23 21:36:10 [notice] 1#1: signal 29 (SIGIO) received
2025/03/23 21:36:10 [notice] 1#1: signal 17 (SIGCHLD) received from 36
2025/03/23 21:36:10 [notice] 1#1: signal 17 (SIGCHLD) received from 35
2025/03/23 21:36:10 [notice] 1#1: worker process 35 exited with code 0
2025/03/23 21:36:10 [notice] 1#1: signal 29 (SIGIO) received
2025/03/23 21:36:10 [notice] 1#1: signal 17 (SIGCHLD) received from 31
2025/03/23 21:36:10 [notice] 1#1: worker process 31 exited with code 0
2025/03/23 21:36:10 [notice] 1#1: signal 29 (SIGIO) received
2025/03/23 21:36:10 [notice] 1#1: signal 17 (SIGCHLD) received from 34
2025/03/23 21:36:10 [notice] 1#1: worker process 33 exited with code 0
2025/03/23 21:36:10 [notice] 1#1: worker process 34 exited with code 0
2025/03/23 21:36:10 [notice] 1#1: exit
2025/03/23 21:36:27 [notice] 1#1: using the "epoll" event method
2025/03/23 21:36:27 [notice] 1#1: nginx/1.27.4
2025/03/23 21:36:27 [notice] 1#1: built by gcc 14.2.0 (Alpine 14.2.0) 
2025/03/23 21:36:27 [notice] 1#1: OS: Linux 6.13.7-arch1-1
2025/03/23 21:36:27 [notice] 1#1: getrlimit(RLIMIT_NOFILE): 1024:524288
2025/03/23 21:36:27 [notice] 1#1: start worker processes
2025/03/23 21:36:27 [notice] 1#1: start worker process 29
2025/03/23 21:36:27 [notice] 1#1: start worker process 30
2025/03/23 21:36:27 [notice] 1#1: start worker process 31
2025/03/23 21:36:27 [notice] 1#1: start worker process 32
2025/03/23 21:36:27 [notice] 1#1: start worker process 33
2025/03/23 21:36:27 [notice] 1#1: start worker process 34
2025/03/23 21:36:27 [notice] 1#1: start worker process 35
2025/03/23 21:36:27 [notice] 1#1: start worker process 36
2025/03/23 21:37:18 [notice] 1#1: signal 3 (SIGQUIT) received, shutting down
2025/03/23 21:37:18 [notice] 29#29: gracefully shutting down
2025/03/23 21:37:18 [notice] 30#30: gracefully shutting down
2025/03/23 21:37:18 [notice] 35#35: gracefully shutting down
2025/03/23 21:37:18 [notice] 29#29: exiting
2025/03/23 21:37:18 [notice] 31#31: gracefully shutting down
2025/03/23 21:37:18 [notice] 36#36: gracefully shutting down
2025/03/23 21:37:18 [notice] 30#30: exiting
2025/03/23 21:37:18 [notice] 35#35: exiting
2025/03/23 21:37:18 [notice] 31#31: exiting
2025/03/23 21:37:18 [notice] 36#36: exiting
2025/03/23 21:37:18 [notice] 30#30: exit
2025/03/23 21:37:18 [notice] 35#35: exit
2025/03/23 21:37:18 [notice] 29#29: exit
2025/03/23 21:37:18 [notice] 32#32: gracefully shutting down
2025/03/23 21:37:18 [notice] 31#31: exit
2025/03/23 21:37:18 [notice] 36#36: exit
2025/03/23 21:37:18 [notice] 32#32: exiting
2025/03/23 21:37:18 [notice] 32#32: exit
2025/03/23 21:37:18 [notice] 33#33: gracefully shutting down
2025/03/23 21:37:18 [notice] 34#34: gracefully shutting down
2025/03/23 21:37:18 [notice] 33#33: exiting
2025/03/23 21:37:18 [notice] 34#34: exiting
2025/03/23 21:37:18 [notice] 33#33: exit
2025/03/23 21:37:18 [notice] 34#34: exit
2025/03/23 21:37:18 [notice] 1#1: signal 17 (SIGCHLD) received from 36
2025/03/23 21:37:18 [notice] 1#1: worker process 32 exited with code 0
2025/03/23 21:37:18 [notice] 1#1: worker process 36 exited with code 0
2025/03/23 21:37:18 [notice] 1#1: signal 29 (SIGIO) received
2025/03/23 21:37:18 [notice] 1#1: signal 17 (SIGCHLD) received from 29
2025/03/23 21:37:18 [notice] 1#1: worker process 29 exited with code 0
2025/03/23 21:37:18 [notice] 1#1: signal 29 (SIGIO) received
2025/03/23 21:37:18 [notice] 1#1: signal 17 (SIGCHLD) received from 30
2025/03/23 21:37:18 [notice] 1#1: worker process 30 exited with code 0
2025/03/23 21:37:18 [notice] 1#1: worker process 35 exited with code 0
2025/03/23 21:37:18 [notice] 1#1: signal 29 (SIGIO) received
2025/03/23 21:37:18 [notice] 1#1: signal 17 (SIGCHLD) received from 35
2025/03/23 21:37:18 [notice] 1#1: worker process 33 exited with code 0
2025/03/23 21:37:18 [notice] 1#1: signal 29 (SIGIO) received
2025/03/23 21:37:18 [notice] 1#1: signal 17 (SIGCHLD) received from 31
2025/03/23 21:37:18 [notice] 1#1: worker process 31 exited with code 0
2025/03/23 21:37:18 [notice] 1#1: signal 29 (SIGIO) received
2025/03/23 21:37:18 [notice] 1#1: signal 17 (SIGCHLD) received from 34
2025/03/23 21:37:18 [notice] 1#1: worker process 34 exited with code 0
2025/03/23 21:37:18 [notice] 1#1: exit
2025/03/23 21:38:30 [notice] 1#1: using the "epoll" event method
2025/03/23 21:38:30 [notice] 1#1: nginx/1.27.4
2025/03/23 21:38:30 [notice] 1#1: built by gcc 14.2.0 (Alpine 14.2.0) 
2025/03/23 21:38:30 [notice] 1#1: OS: Linux 6.13.7-arch1-1
2025/03/23 21:38:30 [notice] 1#1: getrlimit(RLIMIT_NOFILE): 1024:524288
2025/03/23 21:38:30 [notice] 1#1: start worker processes
2025/03/23 21:38:30 [notice] 1#1: start worker process 29
2025/03/23 21:38:30 [notice] 1#1: start worker process 30
2025/03/23 21:38:30 [notice] 1#1: start worker process 31
2025/03/23 21:38:30 [notice] 1#1: start worker process 32
2025/03/23 21:38:30 [notice] 1#1: start worker process 33
2025/03/23 21:38:30 [notice] 1#1: start worker process 34
2025/03/23 21:38:30 [notice] 1#1: start worker process 35
2025/03/23 21:38:30 [notice] 1#1: start worker process 36
2025/03/23 21:38:50 [notice] 1#1: signal 3 (SIGQUIT) received, shutting down
2025/03/23 21:38:50 [notice] 30#30: gracefully shutting down
2025/03/23 21:38:50 [notice] 29#29: gracefully shutting down
2025/03/23 21:38:50 [notice] 30#30: exiting
2025/03/23 21:38:50 [notice] 29#29: exiting
2025/03/23 21:38:50 [notice] 32#32: gracefully shutting down
2025/03/23 21:38:50 [notice] 31#31: gracefully shutting down
2025/03/23 21:38:50 [notice] 32#32: exiting
2025/03/23 21:38:50 [notice] 31#31: exiting
2025/03/23 21:38:50 [notice] 30#30: exit
2025/03/23 21:38:50 [notice] 29#29: exit
2025/03/23 21:38:50 [notice] 33#33: gracefully shutting down
2025/03/23 21:38:50 [notice] 34#34: gracefully shutting down
2025/03/23 21:38:50 [notice] 36#36: gracefully shutting down
2025/03/23 21:38:50 [notice] 33#33: exiting
2025/03/23 21:38:50 [notice] 31#31: exit
2025/03/23 21:38:50 [notice] 34#34: exiting
2025/03/23 21:38:50 [notice] 36#36: exiting
2025/03/23 21:38:50 [notice] 34#34: exit
2025/03/23 21:38:50 [notice] 33#33: exit
2025/03/23 21:38:50 [notice] 36#36: exit
2025/03/23 21:38:50 [notice] 35#35: gracefully shutting down
2025/03/23 21:38:50 [notice] 35#35: exiting
2025/03/23 21:38:50 [notice] 35#35: exit
2025/03/23 21:38:50 [notice] 32#32: exit
2025/03/23 21:38:50 [notice] 1#1: signal 17 (SIGCHLD) received from 29
2025/03/23 21:38:50 [notice] 1#1: worker process 29 exited with code 0
2025/03/23 21:38:50 [notice] 1#1: worker process 31 exited with code 0
2025/03/23 21:38:50 [notice] 1#1: signal 29 (SIGIO) received
2025/03/23 21:38:50 [notice] 1#1: signal 17 (SIGCHLD) received from 36
2025/03/23 21:38:50 [notice] 1#1: worker process 36 exited with code 0
2025/03/23 21:38:50 [notice] 1#1: signal 29 (SIGIO) received
2025/03/23 21:38:50 [notice] 1#1: signal 17 (SIGCHLD) received from 33
2025/03/23 21:38:50 [notice] 1#1: worker process 33 exited with code 0
2025/03/23 21:38:50 [notice] 1#1: worker process 34 exited with code 0
2025/03/23 21:38:50 [notice] 1#1: signal 29 (SIGIO) received
2025/03/23 21:38:50 [notice] 1#1: signal 17 (SIGCHLD) received from 32
2025/03/23 21:38:50 [notice] 1#1: worker process 30 exited with code 0
2025/03/23 21:38:50 [notice] 1#1: worker process 32 exited with code 0
2025/03/23 21:38:50 [notice] 1#1: signal 29 (SIGIO) received
2025/03/23 21:38:50 [notice] 1#1: signal 17 (SIGCHLD) received from 35
2025/03/23 21:38:50 [notice] 1#1: worker process 35 exited with code 0
2025/03/23 21:38:50 [notice] 1#1: exit
2025/03/23 21:46:28 [notice] 1#1: using the "epoll" event method
2025/03/23 21:46:28 [notice] 1#1: nginx/1.27.4
2025/03/23 21:46:28 [notice] 1#1: built by gcc 14.2.0 (Alpine 14.2.0) 
2025/03/23 21:46:28 [notice] 1#1: OS: Linux 6.13.7-arch1-1
2025/03/23 21:46:28 [notice] 1#1: getrlimit(RLIMIT_NOFILE): 1024:524288
2025/03/23 21:46:28 [notice] 1#1: start worker processes
2025/03/23 21:46:28 [notice] 1#1: start worker process 29
2025/03/23 21:46:28 [notice] 1#1: start worker process 30
2025/03/23 21:46:28 [notice] 1#1: start worker process 31
2025/03/23 21:46:28 [notice] 1#1: start worker process 32
2025/03/23 21:46:28 [notice] 1#1: start worker process 33
2025/03/23 21:46:28 [notice] 1#1: start worker process 34
2025/03/23 21:46:28 [notice] 1#1: start worker process 35
2025/03/23 21:46:28 [notice] 1#1: start worker process 36
2025/03/23 22:03:44 [notice] 1#1: signal 3 (SIGQUIT) received, shutting down
2025/03/23 22:03:44 [notice] 31#31: gracefully shutting down
2025/03/23 22:03:44 [notice] 29#29: gracefully shutting down
2025/03/23 22:03:44 [notice] 30#30: gracefully shutting down
2025/03/23 22:03:44 [notice] 29#29: exiting
2025/03/23 22:03:44 [notice] 32#32: gracefully shutting down
2025/03/23 22:03:44 [notice] 30#30: exiting
2025/03/23 22:03:44 [notice] 34#34: gracefully shutting down
2025/03/23 22:03:44 [notice] 32#32: exiting
2025/03/23 22:03:44 [notice] 34#34: exiting
2025/03/23 22:03:44 [notice] 36#36: gracefully shutting down
2025/03/23 22:03:44 [notice] 36#36: exiting
2025/03/23 22:03:44 [notice] 30#30: exit
2025/03/23 22:03:44 [notice] 32#32: exit
2025/03/23 22:03:44 [notice] 33#33: gracefully shutting down
2025/03/23 22:03:44 [notice] 29#29: exit
2025/03/23 22:03:44 [notice] 35#35: gracefully shutting down
2025/03/23 22:03:44 [notice] 36#36: exit
2025/03/23 22:03:44 [notice] 33#33: exiting
2025/03/23 22:03:44 [notice] 34#34: exit
2025/03/23 22:03:44 [notice] 35#35: exiting
2025/03/23 22:03:44 [notice] 33#33: exit
2025/03/23 22:03:44 [notice] 35#35: exit
2025/03/23 22:03:44 [notice] 31#31: exiting
2025/03/23 22:03:44 [notice] 31#31: exit
2025/03/23 22:03:44 [notice] 1#1: signal 17 (SIGCHLD) received from 35
2025/03/23 22:03:44 [notice] 1#1: worker process 35 exited with code 0
2025/03/23 22:03:44 [notice] 1#1: signal 29 (SIGIO) received
2025/03/23 22:03:44 [notice] 1#1: signal 17 (SIGCHLD) received from 36
2025/03/23 22:03:44 [notice] 1#1: worker process 36 exited with code 0
2025/03/23 22:03:44 [notice] 1#1: signal 29 (SIGIO) received
2025/03/23 22:03:44 [notice] 1#1: signal 17 (SIGCHLD) received from 29
2025/03/23 22:03:44 [notice] 1#1: worker process 29 exited with code 0
2025/03/23 22:03:44 [notice] 1#1: signal 29 (SIGIO) received
2025/03/23 22:03:44 [notice] 1#1: signal 17 (SIGCHLD) received from 31
2025/03/23 22:03:44 [notice] 1#1: worker process 31 exited with code 0
2025/03/23 22:03:44 [notice] 1#1: signal 29 (SIGIO) received
2025/03/23 22:03:44 [notice] 1#1: signal 17 (SIGCHLD) received from 34
2025/03/23 22:03:44 [notice] 1#1: worker process 34 exited with code 0
2025/03/23 22:03:44 [notice] 1#1: worker process 32 exited with code 0
2025/03/23 22:03:44 [notice] 1#1: signal 29 (SIGIO) received
2025/03/23 22:03:44 [notice] 1#1: signal 17 (SIGCHLD) received from 32
2025/03/23 22:03:44 [notice] 1#1: signal 17 (SIGCHLD) received from 33
2025/03/23 22:03:44 [notice] 1#1: worker process 30 exited with code 0
2025/03/23 22:03:44 [notice] 1#1: worker process 33 exited with code 0
2025/03/23 22:03:44 [notice] 1#1: exit
2025/03/23 22:03:52 [notice] 1#1: using the "epoll" event method
2025/03/23 22:03:52 [notice] 1#1: nginx/1.27.4
2025/03/23 22:03:52 [notice] 1#1: built by gcc 14.2.0 (Alpine 14.2.0) 
2025/03/23 22:03:52 [notice] 1#1: OS: Linux 6.13.7-arch1-1
2025/03/23 22:03:52 [notice] 1#1: getrlimit(RLIMIT_NOFILE): 1024:524288
2025/03/23 22:03:52 [notice] 1#1: start worker processes
2025/03/23 22:03:52 [notice] 1#1: start worker process 29
2025/03/23 22:03:52 [notice] 1#1: start worker process 30
2025/03/23 22:03:52 [notice] 1#1: start worker process 31
2025/03/23 22:03:52 [notice] 1#1: start worker process 32
2025/03/23 22:03:52 [notice] 1#1: start worker process 33
2025/03/23 22:03:52 [notice] 1#1: start worker process 34
2025/03/23 22:03:52 [notice] 1#1: start worker process 35
2025/03/23 22:03:52 [notice] 1#1: start worker process 36
2025/03/23 22:10:08 [notice] 1#1: signal 3 (SIGQUIT) received, shutting down
2025/03/23 22:10:08 [notice] 32#32: gracefully shutting down
2025/03/23 22:10:08 [notice] 30#30: gracefully shutting down
2025/03/23 22:10:08 [notice] 29#29: gracefully shutting down
2025/03/23 22:10:08 [notice] 32#32: exiting
2025/03/23 22:10:08 [notice] 30#30: exiting
2025/03/23 22:10:08 [notice] 29#29: exiting
2025/03/23 22:10:08 [notice] 29#29: exit
2025/03/23 22:10:08 [notice] 30#30: exit
2025/03/23 22:10:08 [notice] 31#31: gracefully shutting down
2025/03/23 22:10:08 [notice] 33#33: gracefully shutting down
2025/03/23 22:10:08 [notice] 31#31: exiting
2025/03/23 22:10:08 [notice] 33#33: exiting
2025/03/23 22:10:08 [notice] 33#33: exit
2025/03/23 22:10:08 [notice] 31#31: exit
2025/03/23 22:10:08 [notice] 32#32: exit
2025/03/23 22:10:08 [notice] 34#34: gracefully shutting down
2025/03/23 22:10:08 [notice] 34#34: exiting
2025/03/23 22:10:08 [notice] 34#34: exit
2025/03/23 22:10:08 [notice] 36#36: gracefully shutting down
2025/03/23 22:10:08 [notice] 36#36: exiting
2025/03/23 22:10:08 [notice] 36#36: exit
2025/03/23 22:10:08 [notice] 35#35: gracefully shutting down
2025/03/23 22:10:08 [notice] 35#35: exiting
2025/03/23 22:10:08 [notice] 35#35: exit
2025/03/23 22:10:08 [notice] 1#1: signal 17 (SIGCHLD) received from 30
2025/03/23 22:10:08 [notice] 1#1: worker process 30 exited with code 0
2025/03/23 22:10:08 [notice] 1#1: worker process 32 exited with code 0
2025/03/23 22:10:08 [notice] 1#1: signal 29 (SIGIO) received
2025/03/23 22:10:08 [notice] 1#1: signal 17 (SIGCHLD) received from 32
2025/03/23 22:10:08 [notice] 1#1: signal 17 (SIGCHLD) received from 31
2025/03/23 22:10:08 [notice] 1#1: worker process 31 exited with code 0
2025/03/23 22:10:08 [notice] 1#1: signal 29 (SIGIO) received
2025/03/23 22:10:08 [notice] 1#1: signal 17 (SIGCHLD) received from 34
2025/03/23 22:10:08 [notice] 1#1: worker process 34 exited with code 0
2025/03/23 22:10:08 [notice] 1#1: signal 29 (SIGIO) received
2025/03/23 22:10:08 [notice] 1#1: signal 17 (SIGCHLD) received from 36
2025/03/23 22:10:08 [notice] 1#1: worker process 36 exited with code 0
2025/03/23 22:10:08 [notice] 1#1: signal 29 (SIGIO) received
2025/03/23 22:10:08 [notice] 1#1: signal 17 (SIGCHLD) received from 29
2025/03/23 22:10:08 [notice] 1#1: worker process 29 exited with code 0
2025/03/23 22:10:08 [notice] 1#1: signal 29 (SIGIO) received
2025/03/23 22:10:08 [notice] 1#1: signal 17 (SIGCHLD) received from 35
2025/03/23 22:10:08 [notice] 1#1: worker process 35 exited with code 0
2025/03/23 22:10:08 [notice] 1#1: signal 17 (SIGCHLD) received from 33
2025/03/23 22:10:08 [notice] 1#1: worker process 33 exited with code 0
2025/03/23 22:10:08 [notice] 1#1: exit
2025/03/23 22:33:06 [notice] 1#1: using the "epoll" event method
2025/03/23 22:33:06 [notice] 1#1: nginx/1.27.4
2025/03/23 22:33:06 [notice] 1#1: built by gcc 14.2.0 (Alpine 14.2.0) 
2025/03/23 22:33:06 [notice] 1#1: OS: Linux 6.13.7-arch1-1
2025/03/23 22:33:06 [notice] 1#1: getrlimit(RLIMIT_NOFILE): 1024:524288
2025/03/23 22:33:06 [notice] 1#1: start worker processes
2025/03/23 22:33:06 [notice] 1#1: start worker process 29
2025/03/23 22:33:06 [notice] 1#1: start worker process 30
2025/03/23 22:33:06 [notice] 1#1: start worker process 31
2025/03/23 22:33:06 [notice] 1#1: start worker process 32
2025/03/23 22:33:06 [notice] 1#1: start worker process 33
2025/03/23 22:33:06 [notice] 1#1: start worker process 34
2025/03/23 22:33:06 [notice] 1#1: start worker process 35
2025/03/23 22:33:06 [notice] 1#1: start worker process 36
2025/03/23 22:35:54 [notice] 1#1: signal 3 (SIGQUIT) received, shutting down
2025/03/23 22:35:54 [notice] 29#29: gracefully shutting down
2025/03/23 22:35:54 [notice] 30#30: gracefully shutting down
2025/03/23 22:35:54 [notice] 33#33: gracefully shutting down
2025/03/23 22:35:54 [notice] 31#31: gracefully shutting down
2025/03/23 22:35:54 [notice] 29#29: exiting
2025/03/23 22:35:54 [notice] 30#30: exiting
2025/03/23 22:35:54 [notice] 33#33: exiting
2025/03/23 22:35:54 [notice] 31#31: exiting
2025/03/23 22:35:54 [notice] 29#29: exit
2025/03/23 22:35:54 [notice] 30#30: exit
2025/03/23 22:35:54 [notice] 33#33: exit
2025/03/23 22:35:54 [notice] 31#31: exit
2025/03/23 22:35:54 [notice] 34#34: gracefully shutting down
2025/03/23 22:35:54 [notice] 35#35: gracefully shutting down
2025/03/23 22:35:54 [notice] 32#32: gracefully shutting down
2025/03/23 22:35:54 [notice] 34#34: exiting
2025/03/23 22:35:54 [notice] 35#35: exiting
2025/03/23 22:35:54 [notice] 32#32: exiting
2025/03/23 22:35:54 [notice] 34#34: exit
2025/03/23 22:35:54 [notice] 35#35: exit
2025/03/23 22:35:54 [notice] 32#32: exit
2025/03/23 22:35:54 [notice] 36#36: gracefully shutting down
2025/03/23 22:35:54 [notice] 36#36: exiting
2025/03/23 22:35:54 [notice] 36#36: exit
2025/03/23 22:35:54 [notice] 1#1: signal 17 (SIGCHLD) received from 32
2025/03/23 22:35:54 [notice] 1#1: worker process 32 exited with code 0
2025/03/23 22:35:54 [notice] 1#1: signal 29 (SIGIO) received
2025/03/23 22:35:54 [notice] 1#1: signal 17 (SIGCHLD) received from 34
2025/03/23 22:35:54 [notice] 1#1: worker process 34 exited with code 0
2025/03/23 22:35:54 [notice] 1#1: signal 29 (SIGIO) received
2025/03/23 22:35:54 [notice] 1#1: signal 17 (SIGCHLD) received from 31
2025/03/23 22:35:54 [notice] 1#1: worker process 31 exited with code 0
2025/03/23 22:35:54 [notice] 1#1: worker process 29 exited with code 0
2025/03/23 22:35:54 [notice] 1#1: worker process 33 exited with code 0
2025/03/23 22:35:54 [notice] 1#1: worker process 36 exited with code 0
2025/03/23 22:35:54 [notice] 1#1: signal 29 (SIGIO) received
2025/03/23 22:35:54 [notice] 1#1: signal 17 (SIGCHLD) received from 36
2025/03/23 22:35:54 [notice] 1#1: signal 17 (SIGCHLD) received from 30
2025/03/23 22:35:54 [notice] 1#1: worker process 30 exited with code 0
2025/03/23 22:35:54 [notice] 1#1: signal 29 (SIGIO) received
2025/03/23 22:35:54 [notice] 1#1: signal 17 (SIGCHLD) received from 35
2025/03/23 22:35:54 [notice] 1#1: worker process 35 exited with code 0
2025/03/23 22:35:54 [notice] 1#1: exit
2025/03/23 22:35:59 [notice] 1#1: using the "epoll" event method
2025/03/23 22:35:59 [notice] 1#1: nginx/1.27.4
2025/03/23 22:35:59 [notice] 1#1: built by gcc 14.2.0 (Alpine 14.2.0) 
2025/03/23 22:35:59 [notice] 1#1: OS: Linux 6.13.7-arch1-1
2025/03/23 22:35:59 [notice] 1#1: getrlimit(RLIMIT_NOFILE): 1024:524288
2025/03/23 22:35:59 [notice] 1#1: start worker processes
2025/03/23 22:35:59 [notice] 1#1: start worker process 29
2025/03/23 22:35:59 [notice] 1#1: start worker process 30
2025/03/23 22:35:59 [notice] 1#1: start worker process 31
2025/03/23 22:35:59 [notice] 1#1: start worker process 32
2025/03/23 22:35:59 [notice] 1#1: start worker process 33
2025/03/23 22:35:59 [notice] 1#1: start worker process 34
2025/03/23 22:35:59 [notice] 1#1: start worker process 35
2025/03/23 22:35:59 [notice] 1#1: start worker process 36
2025/03/23 22:36:17 [notice] 1#1: signal 3 (SIGQUIT) received, shutting down
2025/03/23 22:36:17 [notice] 29#29: gracefully shutting down
2025/03/23 22:36:17 [notice] 32#32: gracefully shutting down
2025/03/23 22:36:17 [notice] 31#31: gracefully shutting down
2025/03/23 22:36:17 [notice] 30#30: gracefully shutting down
2025/03/23 22:36:17 [notice] 32#32: exiting
2025/03/23 22:36:17 [notice] 29#29: exiting
2025/03/23 22:36:17 [notice] 31#31: exiting
2025/03/23 22:36:17 [notice] 30#30: exiting
2025/03/23 22:36:17 [notice] 31#31: exit
2025/03/23 22:36:17 [notice] 30#30: exit
2025/03/23 22:36:17 [notice] 29#29: exit
2025/03/23 22:36:17 [notice] 33#33: gracefully shutting down
2025/03/23 22:36:17 [notice] 33#33: exiting
2025/03/23 22:36:17 [notice] 33#33: exit
2025/03/23 22:36:17 [notice] 34#34: gracefully shutting down
2025/03/23 22:36:17 [notice] 35#35: gracefully shutting down
2025/03/23 22:36:17 [notice] 34#34: exiting
2025/03/23 22:36:17 [notice] 35#35: exiting
2025/03/23 22:36:17 [notice] 36#36: gracefully shutting down
2025/03/23 22:36:17 [notice] 32#32: exit
2025/03/23 22:36:17 [notice] 36#36: exiting
2025/03/23 22:36:17 [notice] 34#34: exit
2025/03/23 22:36:17 [notice] 36#36: exit
2025/03/23 22:36:17 [notice] 35#35: exit
2025/03/23 22:36:17 [notice] 1#1: signal 17 (SIGCHLD) received from 31
2025/03/23 22:36:17 [notice] 1#1: worker process 31 exited with code 0
2025/03/23 22:36:17 [notice] 1#1: signal 29 (SIGIO) received
2025/03/23 22:36:17 [notice] 1#1: signal 17 (SIGCHLD) received from 32
2025/03/23 22:36:17 [notice] 1#1: worker process 32 exited with code 0
2025/03/23 22:36:17 [notice] 1#1: signal 29 (SIGIO) received
2025/03/23 22:36:17 [notice] 1#1: signal 17 (SIGCHLD) received from 30
2025/03/23 22:36:17 [notice] 1#1: worker process 30 exited with code 0
2025/03/23 22:36:17 [notice] 1#1: signal 29 (SIGIO) received
2025/03/23 22:36:17 [notice] 1#1: signal 17 (SIGCHLD) received from 35
2025/03/23 22:36:17 [notice] 1#1: worker process 35 exited with code 0
2025/03/23 22:36:17 [notice] 1#1: signal 29 (SIGIO) received
2025/03/23 22:36:17 [notice] 1#1: signal 17 (SIGCHLD) received from 34
2025/03/23 22:36:17 [notice] 1#1: worker process 34 exited with code 0
2025/03/23 22:36:17 [notice] 1#1: signal 29 (SIGIO) received
2025/03/23 22:36:17 [notice] 1#1: signal 17 (SIGCHLD) received from 36
2025/03/23 22:36:17 [notice] 1#1: worker process 36 exited with code 0
2025/03/23 22:36:17 [notice] 1#1: signal 29 (SIGIO) received
2025/03/23 22:36:17 [notice] 1#1: signal 17 (SIGCHLD) received from 33
2025/03/23 22:36:17 [notice] 1#1: worker process 33 exited with code 0
2025/03/23 22:36:17 [notice] 1#1: signal 17 (SIGCHLD) received from 29
2025/03/23 22:36:17 [notice] 1#1: worker process 29 exited with code 0
2025/03/23 22:36:17 [notice] 1#1: exit
2025/03/23 22:36:24 [notice] 1#1: using the "epoll" event method
2025/03/23 22:36:24 [notice] 1#1: nginx/1.27.4
2025/03/23 22:36:24 [notice] 1#1: built by gcc 14.2.0 (Alpine 14.2.0) 
2025/03/23 22:36:24 [notice] 1#1: OS: Linux 6.13.7-arch1-1
2025/03/23 22:36:24 [notice] 1#1: getrlimit(RLIMIT_NOFILE): 1024:524288
2025/03/23 22:36:24 [notice] 1#1: start worker processes
2025/03/23 22:36:24 [notice] 1#1: start worker process 29
2025/03/23 22:36:24 [notice] 1#1: start worker process 30
2025/03/23 22:36:24 [notice] 1#1: start worker process 31
2025/03/23 22:36:24 [notice] 1#1: start worker process 32
2025/03/23 22:36:24 [notice] 1#1: start worker process 33
2025/03/23 22:36:24 [notice] 1#1: start worker process 34
2025/03/23 22:36:24 [notice] 1#1: start worker process 35
2025/03/23 22:36:24 [notice] 1#1: start worker process 36
2025/03/23 22:36:55 [notice] 1#1: signal 3 (SIGQUIT) received, shutting down
2025/03/23 22:36:55 [notice] 31#31: gracefully shutting down
2025/03/23 22:36:55 [notice] 29#29: gracefully shutting down
2025/03/23 22:36:55 [notice] 31#31: exiting
2025/03/23 22:36:55 [notice] 29#29: exiting
2025/03/23 22:36:55 [notice] 30#30: gracefully shutting down
2025/03/23 22:36:55 [notice] 29#29: exit
2025/03/23 22:36:55 [notice] 31#31: exit
2025/03/23 22:36:55 [notice] 30#30: exiting
2025/03/23 22:36:55 [notice] 30#30: exit
2025/03/23 22:36:55 [notice] 35#35: gracefully shutting down
2025/03/23 22:36:55 [notice] 32#32: gracefully shutting down
2025/03/23 22:36:55 [notice] 35#35: exiting
2025/03/23 22:36:55 [notice] 32#32: exiting
2025/03/23 22:36:55 [notice] 32#32: exit
2025/03/23 22:36:55 [notice] 35#35: exit
2025/03/23 22:36:55 [notice] 36#36: gracefully shutting down
2025/03/23 22:36:55 [notice] 34#34: gracefully shutting down
2025/03/23 22:36:55 [notice] 36#36: exiting
2025/03/23 22:36:55 [notice] 34#34: exiting
2025/03/23 22:36:55 [notice] 36#36: exit
2025/03/23 22:36:55 [notice] 34#34: exit
2025/03/23 22:36:55 [notice] 33#33: gracefully shutting down
2025/03/23 22:36:55 [notice] 33#33: exiting
2025/03/23 22:36:55 [notice] 33#33: exit
2025/03/23 22:36:55 [notice] 1#1: signal 17 (SIGCHLD) received from 29
2025/03/23 22:36:55 [notice] 1#1: worker process 29 exited with code 0
2025/03/23 22:36:55 [notice] 1#1: worker process 30 exited with code 0
2025/03/23 22:36:55 [notice] 1#1: worker process 31 exited with code 0
2025/03/23 22:36:55 [notice] 1#1: worker process 32 exited with code 0
2025/03/23 22:36:55 [notice] 1#1: worker process 34 exited with code 0
2025/03/23 22:36:55 [notice] 1#1: signal 29 (SIGIO) received
2025/03/23 22:36:55 [notice] 1#1: signal 17 (SIGCHLD) received from 31
2025/03/23 22:36:55 [notice] 1#1: signal 17 (SIGCHLD) received from 35
2025/03/23 22:36:55 [notice] 1#1: worker process 35 exited with code 0
2025/03/23 22:36:55 [notice] 1#1: signal 29 (SIGIO) received
2025/03/23 22:36:55 [notice] 1#1: signal 17 (SIGCHLD) received from 36
2025/03/23 22:36:55 [notice] 1#1: worker process 36 exited with code 0
2025/03/23 22:36:55 [notice] 1#1: signal 29 (SIGIO) received
2025/03/23 22:36:55 [notice] 1#1: signal 17 (SIGCHLD) received from 33
2025/03/23 22:36:55 [notice] 1#1: worker process 33 exited with code 0
2025/03/23 22:36:55 [notice] 1#1: exit
2025/03/23 22:36:59 [notice] 1#1: using the "epoll" event method
2025/03/23 22:36:59 [notice] 1#1: nginx/1.27.4
2025/03/23 22:36:59 [notice] 1#1: built by gcc 14.2.0 (Alpine 14.2.0) 
2025/03/23 22:36:59 [notice] 1#1: OS: Linux 6.13.7-arch1-1
2025/03/23 22:36:59 [notice] 1#1: getrlimit(RLIMIT_NOFILE): 1024:524288
2025/03/23 22:36:59 [notice] 1#1: start worker processes
2025/03/23 22:36:59 [notice] 1#1: start worker process 29
2025/03/23 22:36:59 [notice] 1#1: start worker process 30
2025/03/23 22:36:59 [notice] 1#1: start worker process 31
2025/03/23 22:36:59 [notice] 1#1: start worker process 32
2025/03/23 22:36:59 [notice] 1#1: start worker process 33
2025/03/23 22:36:59 [notice] 1#1: start worker process 34
2025/03/23 22:36:59 [notice] 1#1: start worker process 35
2025/03/23 22:36:59 [notice] 1#1: start worker process 36
2025/03/23 22:37:35 [notice] 1#1: signal 3 (SIGQUIT) received, shutting down
2025/03/23 22:37:35 [notice] 29#29: gracefully shutting down
2025/03/23 22:37:35 [notice] 29#29: exiting
2025/03/23 22:37:35 [notice] 30#30: gracefully shutting down
2025/03/23 22:37:35 [notice] 30#30: exiting
2025/03/23 22:37:35 [notice] 29#29: exit
2025/03/23 22:37:35 [notice] 30#30: exit
2025/03/23 22:37:35 [notice] 31#31: gracefully shutting down
2025/03/23 22:37:35 [notice] 31#31: exiting
2025/03/23 22:37:35 [notice] 32#32: gracefully shutting down
2025/03/23 22:37:35 [notice] 32#32: exiting
2025/03/23 22:37:35 [notice] 33#33: gracefully shutting down
2025/03/23 22:37:35 [notice] 32#32: exit
2025/03/23 22:37:35 [notice] 33#33: exiting
2025/03/23 22:37:35 [notice] 36#36: gracefully shutting down
2025/03/23 22:37:35 [notice] 36#36: exiting
2025/03/23 22:37:35 [notice] 33#33: exit
2025/03/23 22:37:35 [notice] 31#31: exit
2025/03/23 22:37:35 [notice] 36#36: exit
2025/03/23 22:37:35 [notice] 34#34: gracefully shutting down
2025/03/23 22:37:35 [notice] 34#34: exiting
2025/03/23 22:37:35 [notice] 34#34: exit
2025/03/23 22:37:35 [notice] 35#35: gracefully shutting down
2025/03/23 22:37:35 [notice] 35#35: exiting
2025/03/23 22:37:35 [notice] 35#35: exit
2025/03/23 22:37:35 [notice] 1#1: signal 17 (SIGCHLD) received from 33
2025/03/23 22:37:35 [notice] 1#1: worker process 29 exited with code 0
2025/03/23 22:37:35 [notice] 1#1: worker process 33 exited with code 0
2025/03/23 22:37:35 [notice] 1#1: signal 29 (SIGIO) received
2025/03/23 22:37:35 [notice] 1#1: signal 17 (SIGCHLD) received from 35
2025/03/23 22:37:35 [notice] 1#1: worker process 35 exited with code 0
2025/03/23 22:37:35 [notice] 1#1: signal 29 (SIGIO) received
2025/03/23 22:37:35 [notice] 1#1: signal 17 (SIGCHLD) received from 34
2025/03/23 22:37:35 [notice] 1#1: worker process 34 exited with code 0
2025/03/23 22:37:35 [notice] 1#1: signal 29 (SIGIO) received
2025/03/23 22:37:35 [notice] 1#1: signal 17 (SIGCHLD) received from 31
2025/03/23 22:37:35 [notice] 1#1: worker process 31 exited with code 0
2025/03/23 22:37:35 [notice] 1#1: signal 29 (SIGIO) received
2025/03/23 22:37:35 [notice] 1#1: signal 17 (SIGCHLD) received from 32
2025/03/23 22:37:35 [notice] 1#1: worker process 32 exited with code 0
2025/03/23 22:37:35 [notice] 1#1: signal 29 (SIGIO) received
2025/03/23 22:37:35 [notice] 1#1: signal 17 (SIGCHLD) received from 36
2025/03/23 22:37:35 [notice] 1#1: worker process 36 exited with code 0
2025/03/23 22:37:35 [notice] 1#1: signal 29 (SIGIO) received
2025/03/23 22:37:35 [notice] 1#1: signal 17 (SIGCHLD) received from 30
2025/03/23 22:37:35 [notice] 1#1: worker process 30 exited with code 0
2025/03/23 22:37:35 [notice] 1#1: exit
2025/03/23 22:37:40 [notice] 1#1: using the "epoll" event method
2025/03/23 22:37:40 [notice] 1#1: nginx/1.27.4
2025/03/23 22:37:40 [notice] 1#1: built by gcc 14.2.0 (Alpine 14.2.0) 
2025/03/23 22:37:40 [notice] 1#1: OS: Linux 6.13.7-arch1-1
2025/03/23 22:37:40 [notice] 1#1: getrlimit(RLIMIT_NOFILE): 1024:524288
2025/03/23 22:37:40 [notice] 1#1: start worker processes
2025/03/23 22:37:40 [notice] 1#1: start worker process 29
2025/03/23 22:37:40 [notice] 1#1: start worker process 30
2025/03/23 22:37:40 [notice] 1#1: start worker process 31
2025/03/23 22:37:40 [notice] 1#1: start worker process 32
2025/03/23 22:37:40 [notice] 1#1: start worker process 33
2025/03/23 22:37:40 [notice] 1#1: start worker process 34
2025/03/23 22:37:40 [notice] 1#1: start worker process 35
2025/03/23 22:37:40 [notice] 1#1: start worker process 36
2025/03/23 23:59:38 [notice] 1#1: signal 3 (SIGQUIT) received, shutting down
2025/03/23 23:59:38 [notice] 29#29: gracefully shutting down
2025/03/23 23:59:38 [notice] 34#34: gracefully shutting down
2025/03/23 23:59:38 [notice] 31#31: gracefully shutting down
2025/03/23 23:59:38 [notice] 32#32: gracefully shutting down
2025/03/23 23:59:38 [notice] 29#29: exiting
2025/03/23 23:59:38 [notice] 34#34: exiting
2025/03/23 23:59:38 [notice] 31#31: exiting
2025/03/23 23:59:38 [notice] 32#32: exiting
2025/03/23 23:59:38 [notice] 33#33: gracefully shutting down
2025/03/23 23:59:38 [notice] 33#33: exiting
2025/03/23 23:59:38 [notice] 35#35: gracefully shutting down
2025/03/23 23:59:38 [notice] 35#35: exiting
2025/03/23 23:59:38 [notice] 31#31: exit
2025/03/23 23:59:38 [notice] 32#32: exit
2025/03/23 23:59:38 [notice] 33#33: exit
2025/03/23 23:59:38 [notice] 35#35: exit
2025/03/23 23:59:38 [notice] 30#30: gracefully shutting down
2025/03/23 23:59:38 [notice] 30#30: exiting
2025/03/23 23:59:38 [notice] 30#30: exit
2025/03/23 23:59:38 [notice] 34#34: exit
2025/03/23 23:59:38 [notice] 29#29: exit
2025/03/23 23:59:38 [notice] 36#36: gracefully shutting down
2025/03/23 23:59:38 [notice] 36#36: exiting
2025/03/23 23:59:38 [notice] 36#36: exit
2025/03/23 23:59:38 [notice] 1#1: signal 17 (SIGCHLD) received from 32
2025/03/23 23:59:38 [notice] 1#1: worker process 32 exited with code 0
2025/03/23 23:59:38 [notice] 1#1: signal 29 (SIGIO) received
2025/03/23 23:59:38 [notice] 1#1: signal 17 (SIGCHLD) received from 33
2025/03/23 23:59:38 [notice] 1#1: worker process 30 exited with code 0
2025/03/23 23:59:38 [notice] 1#1: worker process 33 exited with code 0
2025/03/23 23:59:38 [notice] 1#1: worker process 34 exited with code 0
2025/03/23 23:59:38 [notice] 1#1: signal 29 (SIGIO) received
2025/03/23 23:59:38 [notice] 1#1: signal 17 (SIGCHLD) received from 36
2025/03/23 23:59:38 [notice] 1#1: worker process 36 exited with code 0
2025/03/23 23:59:38 [notice] 1#1: worker process 29 exited with code 0
2025/03/23 23:59:38 [notice] 1#1: signal 29 (SIGIO) received
2025/03/23 23:59:38 [notice] 1#1: signal 17 (SIGCHLD) received from 29
2025/03/23 23:59:38 [notice] 1#1: signal 17 (SIGCHLD) received from 31
2025/03/23 23:59:38 [notice] 1#1: worker process 31 exited with code 0
2025/03/23 23:59:38 [notice] 1#1: signal 29 (SIGIO) received
2025/03/23 23:59:38 [notice] 1#1: signal 17 (SIGCHLD) received from 35
2025/03/23 23:59:38 [notice] 1#1: worker process 35 exited with code 0
2025/03/23 23:59:38 [notice] 1#1: exit
2025/03/23 23:59:46 [notice] 1#1: using the "epoll" event method
2025/03/23 23:59:46 [notice] 1#1: nginx/1.27.4
2025/03/23 23:59:46 [notice] 1#1: built by gcc 14.2.0 (Alpine 14.2.0) 
2025/03/23 23:59:46 [notice] 1#1: OS: Linux 6.13.7-arch1-1
2025/03/23 23:59:46 [notice] 1#1: getrlimit(RLIMIT_NOFILE): 1024:524288
2025/03/23 23:59:46 [notice] 1#1: start worker processes
2025/03/23 23:59:46 [notice] 1#1: start worker process 29
2025/03/23 23:59:46 [notice] 1#1: start worker process 30
2025/03/23 23:59:46 [notice] 1#1: start worker process 31
2025/03/23 23:59:46 [notice] 1#1: start worker process 32
2025/03/23 23:59:46 [notice] 1#1: start worker process 33
2025/03/23 23:59:46 [notice] 1#1: start worker process 34
2025/03/23 23:59:46 [notice] 1#1: start worker process 35
2025/03/23 23:59:46 [notice] 1#1: start worker process 36
2025/03/24 00:02:41 [notice] 1#1: signal 3 (SIGQUIT) received, shutting down
2025/03/24 00:02:41 [notice] 29#29: gracefully shutting down
2025/03/24 00:02:41 [notice] 32#32: gracefully shutting down
2025/03/24 00:02:41 [notice] 31#31: gracefully shutting down
2025/03/24 00:02:41 [notice] 30#30: gracefully shutting down
2025/03/24 00:02:41 [notice] 29#29: exiting
2025/03/24 00:02:41 [notice] 32#32: exiting
2025/03/24 00:02:41 [notice] 31#31: exiting
2025/03/24 00:02:41 [notice] 30#30: exiting
2025/03/24 00:02:41 [notice] 35#35: gracefully shutting down
2025/03/24 00:02:41 [notice] 36#36: gracefully shutting down
2025/03/24 00:02:41 [notice] 33#33: gracefully shutting down
2025/03/24 00:02:41 [notice] 35#35: exiting
2025/03/24 00:02:41 [notice] 36#36: exiting
2025/03/24 00:02:41 [notice] 33#33: exiting
2025/03/24 00:02:41 [notice] 32#32: exit
2025/03/24 00:02:41 [notice] 35#35: exit
2025/03/24 00:02:41 [notice] 36#36: exit
2025/03/24 00:02:41 [notice] 33#33: exit
2025/03/24 00:02:41 [notice] 34#34: gracefully shutting down
2025/03/24 00:02:41 [notice] 34#34: exiting
2025/03/24 00:02:41 [notice] 34#34: exit
2025/03/24 00:02:41 [notice] 29#29: exit
2025/03/24 00:02:41 [notice] 31#31: exit
2025/03/24 00:02:41 [notice] 30#30: exit
2025/03/24 00:02:41 [notice] 1#1: signal 17 (SIGCHLD) received from 36
2025/03/24 00:02:41 [notice] 1#1: worker process 35 exited with code 0
2025/03/24 00:02:41 [notice] 1#1: worker process 36 exited with code 0
2025/03/24 00:02:41 [notice] 1#1: signal 29 (SIGIO) received
2025/03/24 00:02:41 [notice] 1#1: signal 17 (SIGCHLD) received from 35
2025/03/24 00:02:41 [notice] 1#1: signal 17 (SIGCHLD) received from 31
2025/03/24 00:02:41 [notice] 1#1: worker process 31 exited with code 0
2025/03/24 00:02:41 [notice] 1#1: signal 29 (SIGIO) received
2025/03/24 00:02:41 [notice] 1#1: signal 17 (SIGCHLD) received from 33
2025/03/24 00:02:41 [notice] 1#1: worker process 33 exited with code 0
2025/03/24 00:02:41 [notice] 1#1: signal 29 (SIGIO) received
2025/03/24 00:02:41 [notice] 1#1: signal 17 (SIGCHLD) received from 29
2025/03/24 00:02:41 [notice] 1#1: worker process 29 exited with code 0
2025/03/24 00:02:41 [notice] 1#1: worker process 30 exited with code 0
2025/03/24 00:02:41 [notice] 1#1: worker process 34 exited with code 0
2025/03/24 00:02:41 [notice] 1#1: worker process 32 exited with code 0
2025/03/24 00:02:41 [notice] 1#1: signal 17 (SIGCHLD) received from 34
2025/03/24 00:02:41 [notice] 1#1: exit
2025/03/24 00:03:21 [notice] 1#1: using the "epoll" event method
2025/03/24 00:03:21 [notice] 1#1: nginx/1.27.4
2025/03/24 00:03:21 [notice] 1#1: built by gcc 14.2.0 (Alpine 14.2.0) 
2025/03/24 00:03:21 [notice] 1#1: OS: Linux 6.13.7-arch1-1
2025/03/24 00:03:21 [notice] 1#1: getrlimit(RLIMIT_NOFILE): 1024:524288
2025/03/24 00:03:21 [notice] 1#1: start worker processes
2025/03/24 00:03:21 [notice] 1#1: start worker process 29
2025/03/24 00:03:21 [notice] 1#1: start worker process 30
2025/03/24 00:03:21 [notice] 1#1: start worker process 31
2025/03/24 00:03:21 [notice] 1#1: start worker process 32
2025/03/24 00:03:21 [notice] 1#1: start worker process 33
2025/03/24 00:03:21 [notice] 1#1: start worker process 34
2025/03/24 00:03:21 [notice] 1#1: start worker process 35
2025/03/24 00:03:21 [notice] 1#1: start worker process 36
2025/03/24 00:16:09 [notice] 1#1: signal 3 (SIGQUIT) received, shutting down
2025/03/24 00:16:09 [notice] 30#30: gracefully shutting down
2025/03/24 00:16:09 [notice] 30#30: exiting
2025/03/24 00:16:09 [notice] 31#31: gracefully shutting down
2025/03/24 00:16:09 [notice] 32#32: gracefully shutting down
2025/03/24 00:16:09 [notice] 33#33: gracefully shutting down
2025/03/24 00:16:09 [notice] 36#36: gracefully shutting down
2025/03/24 00:16:09 [notice] 31#31: exiting
2025/03/24 00:16:09 [notice] 32#32: exiting
2025/03/24 00:16:09 [notice] 30#30: exit
2025/03/24 00:16:09 [notice] 33#33: exiting
2025/03/24 00:16:09 [notice] 36#36: exiting
2025/03/24 00:16:09 [notice] 32#32: exit
2025/03/24 00:16:09 [notice] 31#31: exit
2025/03/24 00:16:09 [notice] 33#33: exit
2025/03/24 00:16:09 [notice] 36#36: exit
2025/03/24 00:16:09 [notice] 29#29: gracefully shutting down
2025/03/24 00:16:09 [notice] 29#29: exiting
2025/03/24 00:16:09 [notice] 34#34: gracefully shutting down
2025/03/24 00:16:09 [notice] 34#34: exiting
2025/03/24 00:16:09 [notice] 29#29: exit
2025/03/24 00:16:09 [notice] 34#34: exit
2025/03/24 00:16:09 [notice] 35#35: gracefully shutting down
2025/03/24 00:16:09 [notice] 35#35: exiting
2025/03/24 00:16:09 [notice] 35#35: exit
2025/03/24 00:16:09 [notice] 1#1: signal 17 (SIGCHLD) received from 30
2025/03/24 00:16:09 [notice] 1#1: worker process 30 exited with code 0
2025/03/24 00:16:09 [notice] 1#1: signal 29 (SIGIO) received
2025/03/24 00:16:09 [notice] 1#1: signal 17 (SIGCHLD) received from 29
2025/03/24 00:16:09 [notice] 1#1: worker process 29 exited with code 0
2025/03/24 00:16:09 [notice] 1#1: signal 29 (SIGIO) received
2025/03/24 00:16:09 [notice] 1#1: signal 17 (SIGCHLD) received from 31
2025/03/24 00:16:09 [notice] 1#1: worker process 31 exited with code 0
2025/03/24 00:16:09 [notice] 1#1: signal 29 (SIGIO) received
2025/03/24 00:16:09 [notice] 1#1: signal 17 (SIGCHLD) received from 33
2025/03/24 00:16:09 [notice] 1#1: worker process 33 exited with code 0
2025/03/24 00:16:09 [notice] 1#1: signal 29 (SIGIO) received
2025/03/24 00:16:09 [notice] 1#1: signal 17 (SIGCHLD) received from 35
2025/03/24 00:16:09 [notice] 1#1: worker process 35 exited with code 0
2025/03/24 00:16:09 [notice] 1#1: signal 29 (SIGIO) received
2025/03/24 00:16:09 [notice] 1#1: signal 17 (SIGCHLD) received from 32
2025/03/24 00:16:09 [notice] 1#1: worker process 32 exited with code 0
2025/03/24 00:16:09 [notice] 1#1: signal 29 (SIGIO) received
2025/03/24 00:16:09 [notice] 1#1: signal 17 (SIGCHLD) received from 36
2025/03/24 00:16:09 [notice] 1#1: worker process 34 exited with code 0
2025/03/24 00:16:09 [notice] 1#1: worker process 36 exited with code 0
2025/03/24 00:16:09 [notice] 1#1: exit
2025/03/24 00:17:17 [notice] 1#1: using the "epoll" event method
2025/03/24 00:17:17 [notice] 1#1: nginx/1.27.4
2025/03/24 00:17:17 [notice] 1#1: built by gcc 14.2.0 (Alpine 14.2.0) 
2025/03/24 00:17:17 [notice] 1#1: OS: Linux 6.13.7-arch1-1
2025/03/24 00:17:17 [notice] 1#1: getrlimit(RLIMIT_NOFILE): 1024:524288
2025/03/24 00:17:17 [notice] 1#1: start worker processes
2025/03/24 00:17:17 [notice] 1#1: start worker process 29
2025/03/24 00:17:17 [notice] 1#1: start worker process 30
2025/03/24 00:17:17 [notice] 1#1: start worker process 31
2025/03/24 00:17:17 [notice] 1#1: start worker process 32
2025/03/24 00:17:17 [notice] 1#1: start worker process 33
2025/03/24 00:17:17 [notice] 1#1: start worker process 34
2025/03/24 00:17:17 [notice] 1#1: start worker process 35
2025/03/24 00:17:17 [notice] 1#1: start worker process 36
2025/03/24 00:18:02 [notice] 1#1: signal 3 (SIGQUIT) received, shutting down
2025/03/24 00:18:02 [notice] 29#29: gracefully shutting down
2025/03/24 00:18:02 [notice] 31#31: gracefully shutting down
2025/03/24 00:18:02 [notice] 29#29: exiting
2025/03/24 00:18:02 [notice] 31#31: exiting
2025/03/24 00:18:02 [notice] 30#30: gracefully shutting down
2025/03/24 00:18:02 [notice] 32#32: gracefully shutting down
2025/03/24 00:18:02 [notice] 30#30: exiting
2025/03/24 00:18:02 [notice] 32#32: exiting
2025/03/24 00:18:02 [notice] 29#29: exit
2025/03/24 00:18:02 [notice] 31#31: exit
2025/03/24 00:18:02 [notice] 32#32: exit
2025/03/24 00:18:02 [notice] 33#33: gracefully shutting down
2025/03/24 00:18:02 [notice] 33#33: exiting
2025/03/24 00:18:02 [notice] 33#33: exit
2025/03/24 00:18:02 [notice] 34#34: gracefully shutting down
2025/03/24 00:18:02 [notice] 34#34: exiting
2025/03/24 00:18:02 [notice] 34#34: exit
2025/03/24 00:18:02 [notice] 35#35: gracefully shutting down
2025/03/24 00:18:02 [notice] 36#36: gracefully shutting down
2025/03/24 00:18:02 [notice] 35#35: exiting
2025/03/24 00:18:02 [notice] 36#36: exiting
2025/03/24 00:18:02 [notice] 35#35: exit
2025/03/24 00:18:02 [notice] 36#36: exit
2025/03/24 00:18:02 [notice] 30#30: exit
2025/03/24 00:18:02 [notice] 1#1: signal 17 (SIGCHLD) received from 33
2025/03/24 00:18:02 [notice] 1#1: worker process 33 exited with code 0
2025/03/24 00:18:02 [notice] 1#1: signal 29 (SIGIO) received
2025/03/24 00:18:02 [notice] 1#1: signal 17 (SIGCHLD) received from 32
2025/03/24 00:18:02 [notice] 1#1: worker process 32 exited with code 0
2025/03/24 00:18:02 [notice] 1#1: worker process 34 exited with code 0
2025/03/24 00:18:02 [notice] 1#1: signal 29 (SIGIO) received
2025/03/24 00:18:02 [notice] 1#1: signal 17 (SIGCHLD) received from 34
2025/03/24 00:18:02 [notice] 1#1: signal 17 (SIGCHLD) received from 29
2025/03/24 00:18:02 [notice] 1#1: worker process 29 exited with code 0
2025/03/24 00:18:02 [notice] 1#1: worker process 30 exited with code 0
2025/03/24 00:18:02 [notice] 1#1: worker process 35 exited with code 0
2025/03/24 00:18:02 [notice] 1#1: worker process 36 exited with code 0
2025/03/24 00:18:02 [notice] 1#1: signal 29 (SIGIO) received
2025/03/24 00:18:02 [notice] 1#1: signal 17 (SIGCHLD) received from 30
2025/03/24 00:18:02 [notice] 1#1: signal 17 (SIGCHLD) received from 31
2025/03/24 00:18:02 [notice] 1#1: worker process 31 exited with code 0
2025/03/24 00:18:02 [notice] 1#1: exit
2025/03/24 00:20:35 [notice] 1#1: using the "epoll" event method
2025/03/24 00:20:35 [notice] 1#1: nginx/1.27.4
2025/03/24 00:20:35 [notice] 1#1: built by gcc 14.2.0 (Alpine 14.2.0) 
2025/03/24 00:20:35 [notice] 1#1: OS: Linux 6.13.7-arch1-1
2025/03/24 00:20:35 [notice] 1#1: getrlimit(RLIMIT_NOFILE): 1024:524288
2025/03/24 00:20:35 [notice] 1#1: start worker processes
2025/03/24 00:20:35 [notice] 1#1: start worker process 29
2025/03/24 00:20:35 [notice] 1#1: start worker process 30
2025/03/24 00:20:35 [notice] 1#1: start worker process 31
2025/03/24 00:20:35 [notice] 1#1: start worker process 32
2025/03/24 00:20:35 [notice] 1#1: start worker process 33
2025/03/24 00:20:35 [notice] 1#1: start worker process 34
2025/03/24 00:20:35 [notice] 1#1: start worker process 35
2025/03/24 00:20:35 [notice] 1#1: start worker process 36
2025/03/24 09:27:43 [notice] 1#1: signal 3 (SIGQUIT) received, shutting down
2025/03/24 09:27:43 [notice] 29#29: gracefully shutting down
2025/03/24 09:27:43 [notice] 29#29: exiting
2025/03/24 09:27:43 [notice] 32#32: gracefully shutting down
2025/03/24 09:27:43 [notice] 31#31: gracefully shutting down
2025/03/24 09:27:43 [notice] 32#32: exiting
2025/03/24 09:27:43 [notice] 31#31: exiting
2025/03/24 09:27:43 [notice] 33#33: gracefully shutting down
2025/03/24 09:27:43 [notice] 33#33: exiting
2025/03/24 09:27:43 [notice] 29#29: exit
2025/03/24 09:27:43 [notice] 33#33: exit
2025/03/24 09:27:43 [notice] 34#34: gracefully shutting down
2025/03/24 09:27:43 [notice] 34#34: exiting
2025/03/24 09:27:43 [notice] 34#34: exit
2025/03/24 09:27:43 [notice] 36#36: gracefully shutting down
2025/03/24 09:27:43 [notice] 36#36: exiting
2025/03/24 09:27:43 [notice] 36#36: exit
2025/03/24 09:27:43 [notice] 35#35: gracefully shutting down
2025/03/24 09:27:43 [notice] 35#35: exiting
2025/03/24 09:27:43 [notice] 35#35: exit
2025/03/24 09:27:43 [notice] 32#32: exit
2025/03/24 09:27:43 [notice] 31#31: exit
2025/03/24 09:27:43 [notice] 30#30: gracefully shutting down
2025/03/24 09:27:43 [notice] 30#30: exiting
2025/03/24 09:27:43 [notice] 30#30: exit
2025/03/24 09:27:43 [notice] 1#1: signal 17 (SIGCHLD) received from 29
2025/03/24 09:27:43 [notice] 1#1: worker process 29 exited with code 0
2025/03/24 09:27:43 [notice] 1#1: signal 29 (SIGIO) received
2025/03/24 09:27:43 [notice] 1#1: signal 17 (SIGCHLD) received from 31
2025/03/24 09:27:43 [notice] 1#1: worker process 31 exited with code 0
2025/03/24 09:27:43 [notice] 1#1: signal 29 (SIGIO) received
2025/03/24 09:27:43 [notice] 1#1: signal 17 (SIGCHLD) received from 36
2025/03/24 09:27:43 [notice] 1#1: worker process 33 exited with code 0
2025/03/24 09:27:43 [notice] 1#1: worker process 34 exited with code 0
2025/03/24 09:27:43 [notice] 1#1: worker process 35 exited with code 0
2025/03/24 09:27:43 [notice] 1#1: worker process 36 exited with code 0
2025/03/24 09:27:43 [notice] 1#1: signal 29 (SIGIO) received
2025/03/24 09:27:43 [notice] 1#1: signal 17 (SIGCHLD) received from 32
2025/03/24 09:27:43 [notice] 1#1: worker process 32 exited with code 0
2025/03/24 09:27:43 [notice] 1#1: signal 29 (SIGIO) received
2025/03/24 09:27:43 [notice] 1#1: signal 17 (SIGCHLD) received from 30
2025/03/24 09:27:43 [notice] 1#1: worker process 30 exited with code 0
2025/03/24 09:27:43 [notice] 1#1: exit
2025/03/24 11:38:02 [notice] 1#1: using the "epoll" event method
2025/03/24 11:38:02 [notice] 1#1: nginx/1.27.4
2025/03/24 11:38:02 [notice] 1#1: built by gcc 14.2.0 (Alpine 14.2.0) 
2025/03/24 11:38:02 [notice] 1#1: OS: Linux 6.13.8-arch1-1
2025/03/24 11:38:02 [notice] 1#1: getrlimit(RLIMIT_NOFILE): 1024:524288
2025/03/24 11:38:02 [notice] 1#1: start worker processes
2025/03/24 11:38:02 [notice] 1#1: start worker process 28
2025/03/24 11:38:02 [notice] 1#1: start worker process 29
2025/03/24 11:38:02 [notice] 1#1: start worker process 30
2025/03/24 11:38:02 [notice] 1#1: start worker process 31
2025/03/24 11:38:02 [notice] 1#1: start worker process 32
2025/03/24 11:38:02 [notice] 1#1: start worker process 33
2025/03/24 11:38:02 [notice] 1#1: start worker process 34
2025/03/24 11:38:02 [notice] 1#1: start worker process 35
2025/03/24 11:41:05 [notice] 1#1: signal 3 (SIGQUIT) received, shutting down
2025/03/24 11:41:05 [notice] 29#29: gracefully shutting down
2025/03/24 11:41:05 [notice] 30#30: gracefully shutting down
2025/03/24 11:41:05 [notice] 31#31: gracefully shutting down
2025/03/24 11:41:05 [notice] 28#28: gracefully shutting down
2025/03/24 11:41:05 [notice] 32#32: gracefully shutting down
2025/03/24 11:41:05 [notice] 29#29: exiting
2025/03/24 11:41:05 [notice] 30#30: exiting
2025/03/24 11:41:05 [notice] 31#31: exiting
2025/03/24 11:41:05 [notice] 28#28: exiting
2025/03/24 11:41:05 [notice] 32#32: exiting
2025/03/24 11:41:05 [notice] 33#33: gracefully shutting down
2025/03/24 11:41:05 [notice] 30#30: exit
2025/03/24 11:41:05 [notice] 29#29: exit
2025/03/24 11:41:05 [notice] 31#31: exit
2025/03/24 11:41:05 [notice] 28#28: exit
2025/03/24 11:41:05 [notice] 32#32: exit
2025/03/24 11:41:05 [notice] 33#33: exiting
2025/03/24 11:41:05 [notice] 33#33: exit
2025/03/24 11:41:05 [notice] 35#35: gracefully shutting down
2025/03/24 11:41:05 [notice] 35#35: exiting
2025/03/24 11:41:05 [notice] 35#35: exit
2025/03/24 11:41:05 [notice] 34#34: gracefully shutting down
2025/03/24 11:41:05 [notice] 34#34: exiting
2025/03/24 11:41:05 [notice] 34#34: exit
2025/03/24 11:41:05 [notice] 1#1: signal 17 (SIGCHLD) received from 32
2025/03/24 11:41:05 [notice] 1#1: worker process 28 exited with code 0
2025/03/24 11:41:05 [notice] 1#1: worker process 31 exited with code 0
2025/03/24 11:41:05 [notice] 1#1: worker process 32 exited with code 0
2025/03/24 11:41:05 [notice] 1#1: worker process 33 exited with code 0
2025/03/24 11:41:05 [notice] 1#1: worker process 35 exited with code 0
2025/03/24 11:41:05 [notice] 1#1: signal 29 (SIGIO) received
2025/03/24 11:41:05 [notice] 1#1: signal 17 (SIGCHLD) received from 34
2025/03/24 11:41:05 [notice] 1#1: worker process 34 exited with code 0
2025/03/24 11:41:05 [notice] 1#1: signal 29 (SIGIO) received
2025/03/24 11:41:05 [notice] 1#1: signal 17 (SIGCHLD) received from 29
2025/03/24 11:41:05 [notice] 1#1: worker process 29 exited with code 0
2025/03/24 11:41:05 [notice] 1#1: signal 29 (SIGIO) received
2025/03/24 11:41:05 [notice] 1#1: signal 17 (SIGCHLD) received from 30
2025/03/24 11:41:05 [notice] 1#1: worker process 30 exited with code 0
2025/03/24 11:41:05 [notice] 1#1: exit
2025/03/24 11:42:11 [notice] 1#1: using the "epoll" event method
2025/03/24 11:42:11 [notice] 1#1: nginx/1.27.4
2025/03/24 11:42:11 [notice] 1#1: built by gcc 14.2.0 (Alpine 14.2.0) 
2025/03/24 11:42:11 [notice] 1#1: OS: Linux 6.13.8-arch1-1
2025/03/24 11:42:11 [notice] 1#1: getrlimit(RLIMIT_NOFILE): 1024:524288
2025/03/24 11:42:11 [notice] 1#1: start worker processes
2025/03/24 11:42:11 [notice] 1#1: start worker process 29
2025/03/24 11:42:11 [notice] 1#1: start worker process 30
2025/03/24 11:42:11 [notice] 1#1: start worker process 31
2025/03/24 11:42:11 [notice] 1#1: start worker process 32
2025/03/24 11:42:11 [notice] 1#1: start worker process 33
2025/03/24 11:42:11 [notice] 1#1: start worker process 34
2025/03/24 11:42:11 [notice] 1#1: start worker process 35
2025/03/24 11:42:11 [notice] 1#1: start worker process 36
2025/03/24 11:42:18 [notice] 1#1: signal 3 (SIGQUIT) received, shutting down
2025/03/24 11:42:18 [notice] 30#30: gracefully shutting down
2025/03/24 11:42:18 [notice] 31#31: gracefully shutting down
2025/03/24 11:42:18 [notice] 29#29: gracefully shutting down
2025/03/24 11:42:18 [notice] 30#30: exiting
2025/03/24 11:42:18 [notice] 31#31: exiting
2025/03/24 11:42:18 [notice] 29#29: exiting
2025/03/24 11:42:18 [notice] 29#29: exit
2025/03/24 11:42:18 [notice] 31#31: exit
2025/03/24 11:42:18 [notice] 30#30: exit
2025/03/24 11:42:18 [notice] 32#32: gracefully shutting down
2025/03/24 11:42:18 [notice] 33#33: gracefully shutting down
2025/03/24 11:42:18 [notice] 34#34: gracefully shutting down
2025/03/24 11:42:18 [notice] 32#32: exiting
2025/03/24 11:42:18 [notice] 33#33: exiting
2025/03/24 11:42:18 [notice] 34#34: exiting
2025/03/24 11:42:18 [notice] 32#32: exit
2025/03/24 11:42:18 [notice] 33#33: exit
2025/03/24 11:42:18 [notice] 35#35: gracefully shutting down
2025/03/24 11:42:18 [notice] 36#36: gracefully shutting down
2025/03/24 11:42:18 [notice] 35#35: exiting
2025/03/24 11:42:18 [notice] 36#36: exiting
2025/03/24 11:42:18 [notice] 35#35: exit
2025/03/24 11:42:18 [notice] 36#36: exit
2025/03/24 11:42:18 [notice] 34#34: exit
2025/03/24 11:42:18 [notice] 1#1: signal 17 (SIGCHLD) received from 31
2025/03/24 11:42:18 [notice] 1#1: worker process 31 exited with code 0
2025/03/24 11:42:18 [notice] 1#1: signal 29 (SIGIO) received
2025/03/24 11:42:18 [notice] 1#1: signal 17 (SIGCHLD) received from 29
2025/03/24 11:42:18 [notice] 1#1: worker process 29 exited with code 0
2025/03/24 11:42:18 [notice] 1#1: worker process 34 exited with code 0
2025/03/24 11:42:18 [notice] 1#1: worker process 35 exited with code 0
2025/03/24 11:42:18 [notice] 1#1: signal 29 (SIGIO) received
2025/03/24 11:42:18 [notice] 1#1: signal 17 (SIGCHLD) received from 34
2025/03/24 11:42:19 [notice] 1#1: signal 17 (SIGCHLD) received from 33
2025/03/24 11:42:19 [notice] 1#1: worker process 30 exited with code 0
2025/03/24 11:42:19 [notice] 1#1: worker process 33 exited with code 0
2025/03/24 11:42:19 [notice] 1#1: worker process 36 exited with code 0
2025/03/24 11:42:19 [notice] 1#1: signal 29 (SIGIO) received
2025/03/24 11:42:19 [notice] 1#1: signal 17 (SIGCHLD) received from 36
2025/03/24 11:42:19 [notice] 1#1: signal 17 (SIGCHLD) received from 32
2025/03/24 11:42:19 [notice] 1#1: worker process 32 exited with code 0
2025/03/24 11:42:19 [notice] 1#1: exit
2025/03/24 11:42:26 [notice] 1#1: using the "epoll" event method
2025/03/24 11:42:26 [notice] 1#1: nginx/1.27.4
2025/03/24 11:42:26 [notice] 1#1: built by gcc 14.2.0 (Alpine 14.2.0) 
2025/03/24 11:42:26 [notice] 1#1: OS: Linux 6.13.8-arch1-1
2025/03/24 11:42:26 [notice] 1#1: getrlimit(RLIMIT_NOFILE): 1024:524288
2025/03/24 11:42:26 [notice] 1#1: start worker processes
2025/03/24 11:42:26 [notice] 1#1: start worker process 29
2025/03/24 11:42:26 [notice] 1#1: start worker process 30
2025/03/24 11:42:26 [notice] 1#1: start worker process 31
2025/03/24 11:42:26 [notice] 1#1: start worker process 32
2025/03/24 11:42:26 [notice] 1#1: start worker process 33
2025/03/24 11:42:26 [notice] 1#1: start worker process 34
2025/03/24 11:42:26 [notice] 1#1: start worker process 35
2025/03/24 11:42:26 [notice] 1#1: start worker process 36
2025/03/24 11:45:16 [notice] 1#1: signal 3 (SIGQUIT) received, shutting down
2025/03/24 11:45:16 [notice] 30#30: gracefully shutting down
2025/03/24 11:45:16 [notice] 29#29: gracefully shutting down
2025/03/24 11:45:16 [notice] 30#30: exiting
2025/03/24 11:45:16 [notice] 29#29: exiting
2025/03/24 11:45:16 [notice] 31#31: gracefully shutting down
2025/03/24 11:45:16 [notice] 31#31: exiting
2025/03/24 11:45:16 [notice] 30#30: exit
2025/03/24 11:45:16 [notice] 29#29: exit
2025/03/24 11:45:16 [notice] 31#31: exit
2025/03/24 11:45:16 [notice] 32#32: gracefully shutting down
2025/03/24 11:45:16 [notice] 33#33: gracefully shutting down
2025/03/24 11:45:16 [notice] 32#32: exiting
2025/03/24 11:45:16 [notice] 33#33: exiting
2025/03/24 11:45:16 [notice] 34#34: gracefully shutting down
2025/03/24 11:45:16 [notice] 34#34: exiting
2025/03/24 11:45:16 [notice] 32#32: exit
2025/03/24 11:45:16 [notice] 33#33: exit
2025/03/24 11:45:16 [notice] 34#34: exit
2025/03/24 11:45:16 [notice] 36#36: gracefully shutting down
2025/03/24 11:45:16 [notice] 36#36: exiting
2025/03/24 11:45:16 [notice] 35#35: gracefully shutting down
2025/03/24 11:45:16 [notice] 35#35: exiting
2025/03/24 11:45:16 [notice] 36#36: exit
2025/03/24 11:45:16 [notice] 35#35: exit
2025/03/24 11:45:16 [notice] 1#1: signal 17 (SIGCHLD) received from 29
2025/03/24 11:45:16 [notice] 1#1: worker process 29 exited with code 0
2025/03/24 11:45:16 [notice] 1#1: worker process 33 exited with code 0
2025/03/24 11:45:16 [notice] 1#1: worker process 35 exited with code 0
2025/03/24 11:45:16 [notice] 1#1: signal 29 (SIGIO) received
2025/03/24 11:45:16 [notice] 1#1: signal 17 (SIGCHLD) received from 33
2025/03/24 11:45:16 [notice] 1#1: signal 17 (SIGCHLD) received from 32
2025/03/24 11:45:16 [notice] 1#1: worker process 30 exited with code 0
2025/03/24 11:45:16 [notice] 1#1: worker process 32 exited with code 0
2025/03/24 11:45:16 [notice] 1#1: signal 29 (SIGIO) received
2025/03/24 11:45:16 [notice] 1#1: signal 17 (SIGCHLD) received from 34
2025/03/24 11:45:16 [notice] 1#1: worker process 34 exited with code 0
2025/03/24 11:45:16 [notice] 1#1: signal 29 (SIGIO) received
2025/03/24 11:45:16 [notice] 1#1: signal 17 (SIGCHLD) received from 31
2025/03/24 11:45:16 [notice] 1#1: worker process 31 exited with code 0
2025/03/24 11:45:16 [notice] 1#1: signal 29 (SIGIO) received
2025/03/24 11:45:16 [notice] 1#1: signal 17 (SIGCHLD) received from 36
2025/03/24 11:45:16 [notice] 1#1: worker process 36 exited with code 0
2025/03/24 11:45:16 [notice] 1#1: exit
2025/03/24 11:47:42 [notice] 1#1: using the "epoll" event method
2025/03/24 11:47:42 [notice] 1#1: nginx/1.27.4
2025/03/24 11:47:42 [notice] 1#1: built by gcc 14.2.0 (Alpine 14.2.0) 
2025/03/24 11:47:42 [notice] 1#1: OS: Linux 6.13.8-arch1-1
2025/03/24 11:47:42 [notice] 1#1: getrlimit(RLIMIT_NOFILE): 1024:524288
2025/03/24 11:47:42 [notice] 1#1: start worker processes
2025/03/24 11:47:42 [notice] 1#1: start worker process 29
2025/03/24 11:47:42 [notice] 1#1: start worker process 30
2025/03/24 11:47:42 [notice] 1#1: start worker process 31
2025/03/24 11:47:42 [notice] 1#1: start worker process 32
2025/03/24 11:47:42 [notice] 1#1: start worker process 33
2025/03/24 11:47:42 [notice] 1#1: start worker process 34
2025/03/24 11:47:42 [notice] 1#1: start worker process 35
2025/03/24 11:47:42 [notice] 1#1: start worker process 36
2025/03/24 11:52:28 [notice] 1#1: signal 3 (SIGQUIT) received, shutting down
2025/03/24 11:52:28 [notice] 30#30: gracefully shutting down
2025/03/24 11:52:28 [notice] 33#33: gracefully shutting down
2025/03/24 11:52:28 [notice] 32#32: gracefully shutting down
2025/03/24 11:52:28 [notice] 29#29: gracefully shutting down
2025/03/24 11:52:28 [notice] 35#35: gracefully shutting down
2025/03/24 11:52:28 [notice] 34#34: gracefully shutting down
2025/03/24 11:52:28 [notice] 30#30: exiting
2025/03/24 11:52:28 [notice] 33#33: exiting
2025/03/24 11:52:28 [notice] 32#32: exiting
2025/03/24 11:52:28 [notice] 29#29: exiting
2025/03/24 11:52:28 [notice] 35#35: exiting
2025/03/24 11:52:28 [notice] 34#34: exiting
2025/03/24 11:52:28 [notice] 33#33: exit
2025/03/24 11:52:28 [notice] 32#32: exit
2025/03/24 11:52:28 [notice] 30#30: exit
2025/03/24 11:52:28 [notice] 29#29: exit
2025/03/24 11:52:28 [notice] 35#35: exit
2025/03/24 11:52:28 [notice] 34#34: exit
2025/03/24 11:52:28 [notice] 31#31: gracefully shutting down
2025/03/24 11:52:28 [notice] 36#36: gracefully shutting down
2025/03/24 11:52:28 [notice] 31#31: exiting
2025/03/24 11:52:28 [notice] 36#36: exiting
2025/03/24 11:52:28 [notice] 31#31: exit
2025/03/24 11:52:28 [notice] 36#36: exit
2025/03/24 11:52:28 [notice] 1#1: signal 17 (SIGCHLD) received from 30
2025/03/24 11:52:28 [notice] 1#1: worker process 30 exited with code 0
2025/03/24 11:52:28 [notice] 1#1: worker process 29 exited with code 0
2025/03/24 11:52:28 [notice] 1#1: worker process 34 exited with code 0
2025/03/24 11:52:28 [notice] 1#1: signal 29 (SIGIO) received
2025/03/24 11:52:28 [notice] 1#1: signal 17 (SIGCHLD) received from 34
2025/03/24 11:52:28 [notice] 1#1: signal 17 (SIGCHLD) received from 31
2025/03/24 11:52:28 [notice] 1#1: worker process 31 exited with code 0
2025/03/24 11:52:28 [notice] 1#1: worker process 32 exited with code 0
2025/03/24 11:52:28 [notice] 1#1: worker process 36 exited with code 0
2025/03/24 11:52:28 [notice] 1#1: signal 29 (SIGIO) received
2025/03/24 11:52:28 [notice] 1#1: signal 17 (SIGCHLD) received from 35
2025/03/24 11:52:28 [notice] 1#1: worker process 35 exited with code 0
2025/03/24 11:52:28 [notice] 1#1: signal 29 (SIGIO) received
2025/03/24 11:52:28 [notice] 1#1: signal 17 (SIGCHLD) received from 33
2025/03/24 11:52:28 [notice] 1#1: worker process 33 exited with code 0
2025/03/24 11:52:28 [notice] 1#1: exit
2025/03/24 11:56:16 [notice] 1#1: using the "epoll" event method
2025/03/24 11:56:16 [notice] 1#1: nginx/1.27.4
2025/03/24 11:56:16 [notice] 1#1: built by gcc 14.2.0 (Alpine 14.2.0) 
2025/03/24 11:56:16 [notice] 1#1: OS: Linux 6.13.8-arch1-1
2025/03/24 11:56:16 [notice] 1#1: getrlimit(RLIMIT_NOFILE): 1024:524288
2025/03/24 11:56:16 [notice] 1#1: start worker processes
2025/03/24 11:56:16 [notice] 1#1: start worker process 29
2025/03/24 11:56:16 [notice] 1#1: start worker process 30
2025/03/24 11:56:16 [notice] 1#1: start worker process 31
2025/03/24 11:56:16 [notice] 1#1: start worker process 32
2025/03/24 11:56:16 [notice] 1#1: start worker process 33
2025/03/24 11:56:16 [notice] 1#1: start worker process 34
2025/03/24 11:56:16 [notice] 1#1: start worker process 35
2025/03/24 11:56:16 [notice] 1#1: start worker process 36
2025/03/24 12:02:43 [notice] 1#1: signal 3 (SIGQUIT) received, shutting down
2025/03/24 12:02:43 [notice] 29#29: gracefully shutting down
2025/03/24 12:02:43 [notice] 30#30: gracefully shutting down
2025/03/24 12:02:43 [notice] 31#31: gracefully shutting down
2025/03/24 12:02:43 [notice] 33#33: gracefully shutting down
2025/03/24 12:02:43 [notice] 32#32: gracefully shutting down
2025/03/24 12:02:43 [notice] 29#29: exiting
2025/03/24 12:02:43 [notice] 30#30: exiting
2025/03/24 12:02:43 [notice] 31#31: exiting
2025/03/24 12:02:43 [notice] 33#33: exiting
2025/03/24 12:02:43 [notice] 32#32: exiting
2025/03/24 12:02:43 [notice] 33#33: exit
2025/03/24 12:02:43 [notice] 31#31: exit
2025/03/24 12:02:43 [notice] 29#29: exit
2025/03/24 12:02:43 [notice] 30#30: exit
2025/03/24 12:02:43 [notice] 32#32: exit
2025/03/24 12:02:43 [notice] 34#34: gracefully shutting down
2025/03/24 12:02:43 [notice] 34#34: exiting
2025/03/24 12:02:43 [notice] 34#34: exit
2025/03/24 12:02:43 [notice] 36#36: gracefully shutting down
2025/03/24 12:02:43 [notice] 35#35: gracefully shutting down
2025/03/24 12:02:43 [notice] 36#36: exiting
2025/03/24 12:02:43 [notice] 35#35: exiting
2025/03/24 12:02:43 [notice] 36#36: exit
2025/03/24 12:02:43 [notice] 35#35: exit
2025/03/24 12:02:43 [notice] 1#1: signal 17 (SIGCHLD) received from 35
2025/03/24 12:02:43 [notice] 1#1: worker process 35 exited with code 0
2025/03/24 12:02:43 [notice] 1#1: signal 29 (SIGIO) received
2025/03/24 12:02:43 [notice] 1#1: signal 17 (SIGCHLD) received from 34
2025/03/24 12:02:43 [notice] 1#1: worker process 34 exited with code 0
2025/03/24 12:02:43 [notice] 1#1: signal 29 (SIGIO) received
2025/03/24 12:02:43 [notice] 1#1: signal 17 (SIGCHLD) received from 29
2025/03/24 12:02:43 [notice] 1#1: worker process 29 exited with code 0
2025/03/24 12:02:43 [notice] 1#1: signal 29 (SIGIO) received
2025/03/24 12:02:43 [notice] 1#1: signal 17 (SIGCHLD) received from 36
2025/03/24 12:02:43 [notice] 1#1: worker process 36 exited with code 0
2025/03/24 12:02:43 [notice] 1#1: worker process 33 exited with code 0
2025/03/24 12:02:43 [notice] 1#1: signal 29 (SIGIO) received
2025/03/24 12:02:43 [notice] 1#1: signal 17 (SIGCHLD) received from 33
2025/03/24 12:02:43 [notice] 1#1: signal 17 (SIGCHLD) received from 31
2025/03/24 12:02:43 [notice] 1#1: worker process 31 exited with code 0
2025/03/24 12:02:43 [notice] 1#1: worker process 32 exited with code 0
2025/03/24 12:02:43 [notice] 1#1: signal 29 (SIGIO) received
2025/03/24 12:02:43 [notice] 1#1: signal 17 (SIGCHLD) received from 32
2025/03/24 12:02:43 [notice] 1#1: signal 17 (SIGCHLD) received from 30
2025/03/24 12:02:43 [notice] 1#1: worker process 30 exited with code 0
2025/03/24 12:02:43 [notice] 1#1: exit
2025/03/24 12:02:47 [notice] 1#1: using the "epoll" event method
2025/03/24 12:02:47 [notice] 1#1: nginx/1.27.4
2025/03/24 12:02:47 [notice] 1#1: built by gcc 14.2.0 (Alpine 14.2.0) 
2025/03/24 12:02:47 [notice] 1#1: OS: Linux 6.13.8-arch1-1
2025/03/24 12:02:47 [notice] 1#1: getrlimit(RLIMIT_NOFILE): 1024:524288
2025/03/24 12:02:47 [notice] 1#1: start worker processes
2025/03/24 12:02:47 [notice] 1#1: start worker process 29
2025/03/24 12:02:47 [notice] 1#1: start worker process 30
2025/03/24 12:02:47 [notice] 1#1: start worker process 31
2025/03/24 12:02:47 [notice] 1#1: start worker process 32
2025/03/24 12:02:47 [notice] 1#1: start worker process 33
2025/03/24 12:02:47 [notice] 1#1: start worker process 34
2025/03/24 12:02:47 [notice] 1#1: start worker process 35
2025/03/24 12:02:47 [notice] 1#1: start worker process 36
2025/03/24 12:06:05 [notice] 1#1: signal 3 (SIGQUIT) received, shutting down
2025/03/24 12:06:05 [notice] 30#30: gracefully shutting down
2025/03/24 12:06:05 [notice] 29#29: gracefully shutting down
2025/03/24 12:06:05 [notice] 30#30: exiting
2025/03/24 12:06:05 [notice] 29#29: exiting
2025/03/24 12:06:05 [notice] 30#30: exit
2025/03/24 12:06:05 [notice] 29#29: exit
2025/03/24 12:06:05 [notice] 31#31: gracefully shutting down
2025/03/24 12:06:05 [notice] 32#32: gracefully shutting down
2025/03/24 12:06:05 [notice] 31#31: exiting
2025/03/24 12:06:05 [notice] 32#32: exiting
2025/03/24 12:06:05 [notice] 31#31: exit
2025/03/24 12:06:05 [notice] 32#32: exit
2025/03/24 12:06:05 [notice] 34#34: gracefully shutting down
2025/03/24 12:06:05 [notice] 34#34: exiting
2025/03/24 12:06:05 [notice] 35#35: gracefully shutting down
2025/03/24 12:06:05 [notice] 36#36: gracefully shutting down
2025/03/24 12:06:05 [notice] 35#35: exiting
2025/03/24 12:06:05 [notice] 36#36: exiting
2025/03/24 12:06:05 [notice] 34#34: exit
2025/03/24 12:06:05 [notice] 35#35: exit
2025/03/24 12:06:05 [notice] 33#33: gracefully shutting down
2025/03/24 12:06:05 [notice] 36#36: exit
2025/03/24 12:06:05 [notice] 33#33: exiting
2025/03/24 12:06:05 [notice] 33#33: exit
2025/03/24 12:06:05 [notice] 1#1: signal 17 (SIGCHLD) received from 30
2025/03/24 12:06:05 [notice] 1#1: worker process 30 exited with code 0
2025/03/24 12:06:05 [notice] 1#1: worker process 31 exited with code 0
2025/03/24 12:06:05 [notice] 1#1: worker process 29 exited with code 0
2025/03/24 12:06:05 [notice] 1#1: signal 29 (SIGIO) received
2025/03/24 12:06:05 [notice] 1#1: signal 17 (SIGCHLD) received from 31
2025/03/24 12:06:05 [notice] 1#1: signal 17 (SIGCHLD) received from 32
2025/03/24 12:06:05 [notice] 1#1: worker process 32 exited with code 0
2025/03/24 12:06:05 [notice] 1#1: signal 29 (SIGIO) received
2025/03/24 12:06:05 [notice] 1#1: signal 17 (SIGCHLD) received from 34
2025/03/24 12:06:05 [notice] 1#1: worker process 34 exited with code 0
2025/03/24 12:06:05 [notice] 1#1: signal 29 (SIGIO) received
2025/03/24 12:06:05 [notice] 1#1: signal 17 (SIGCHLD) received from 36
2025/03/24 12:06:05 [notice] 1#1: worker process 36 exited with code 0
2025/03/24 12:06:05 [notice] 1#1: signal 29 (SIGIO) received
2025/03/24 12:06:05 [notice] 1#1: signal 17 (SIGCHLD) received from 33
2025/03/24 12:06:05 [notice] 1#1: worker process 33 exited with code 0
2025/03/24 12:06:05 [notice] 1#1: signal 29 (SIGIO) received
2025/03/24 12:06:05 [notice] 1#1: signal 17 (SIGCHLD) received from 35
2025/03/24 12:06:05 [notice] 1#1: worker process 35 exited with code 0
2025/03/24 12:06:05 [notice] 1#1: exit
2025/03/24 12:06:39 [notice] 1#1: using the "epoll" event method
2025/03/24 12:06:39 [notice] 1#1: nginx/1.27.4
2025/03/24 12:06:39 [notice] 1#1: built by gcc 14.2.0 (Alpine 14.2.0) 
2025/03/24 12:06:39 [notice] 1#1: OS: Linux 6.13.8-arch1-1
2025/03/24 12:06:39 [notice] 1#1: getrlimit(RLIMIT_NOFILE): 1024:524288
2025/03/24 12:06:39 [notice] 1#1: start worker processes
2025/03/24 12:06:39 [notice] 1#1: start worker process 29
2025/03/24 12:06:39 [notice] 1#1: start worker process 30
2025/03/24 12:06:39 [notice] 1#1: start worker process 31
2025/03/24 12:06:39 [notice] 1#1: start worker process 32
2025/03/24 12:06:39 [notice] 1#1: start worker process 33
2025/03/24 12:06:39 [notice] 1#1: start worker process 34
2025/03/24 12:06:39 [notice] 1#1: start worker process 35
2025/03/24 12:06:39 [notice] 1#1: start worker process 36
2025/03/24 12:13:28 [notice] 1#1: signal 3 (SIGQUIT) received, shutting down
2025/03/24 12:13:28 [notice] 29#29: gracefully shutting down
2025/03/24 12:13:28 [notice] 30#30: gracefully shutting down
2025/03/24 12:13:28 [notice] 29#29: exiting
2025/03/24 12:13:28 [notice] 30#30: exiting
2025/03/24 12:13:28 [notice] 30#30: exit
2025/03/24 12:13:28 [notice] 29#29: exit
2025/03/24 12:13:28 [notice] 34#34: gracefully shutting down
2025/03/24 12:13:28 [notice] 34#34: exiting
2025/03/24 12:13:28 [notice] 33#33: gracefully shutting down
2025/03/24 12:13:28 [notice] 31#31: gracefully shutting down
2025/03/24 12:13:28 [notice] 31#31: exiting
2025/03/24 12:13:28 [notice] 35#35: gracefully shutting down
2025/03/24 12:13:28 [notice] 32#32: gracefully shutting down
2025/03/24 12:13:28 [notice] 36#36: gracefully shutting down
2025/03/24 12:13:28 [notice] 32#32: exiting
2025/03/24 12:13:28 [notice] 36#36: exiting
2025/03/24 12:13:28 [notice] 35#35: exiting
2025/03/24 12:13:28 [notice] 33#33: exiting
2025/03/24 12:13:28 [notice] 34#34: exit
2025/03/24 12:13:28 [notice] 33#33: exit
2025/03/24 12:13:28 [notice] 36#36: exit
2025/03/24 12:13:28 [notice] 31#31: exit
2025/03/24 12:13:28 [notice] 32#32: exit
2025/03/24 12:13:28 [notice] 35#35: exit
2025/03/24 12:13:28 [notice] 1#1: signal 17 (SIGCHLD) received from 29
2025/03/24 12:13:28 [notice] 1#1: worker process 29 exited with code 0
2025/03/24 12:13:28 [notice] 1#1: worker process 34 exited with code 0
2025/03/24 12:13:28 [notice] 1#1: signal 29 (SIGIO) received
2025/03/24 12:13:28 [notice] 1#1: signal 17 (SIGCHLD) received from 33
2025/03/24 12:13:28 [notice] 1#1: worker process 33 exited with code 0
2025/03/24 12:13:28 [notice] 1#1: signal 29 (SIGIO) received
2025/03/24 12:13:28 [notice] 1#1: signal 17 (SIGCHLD) received from 30
2025/03/24 12:13:28 [notice] 1#1: worker process 30 exited with code 0
2025/03/24 12:13:28 [notice] 1#1: signal 29 (SIGIO) received
2025/03/24 12:13:28 [notice] 1#1: signal 17 (SIGCHLD) received from 31
2025/03/24 12:13:28 [notice] 1#1: worker process 31 exited with code 0
2025/03/24 12:13:28 [notice] 1#1: signal 29 (SIGIO) received
2025/03/24 12:13:28 [notice] 1#1: signal 17 (SIGCHLD) received from 36
2025/03/24 12:13:28 [notice] 1#1: worker process 36 exited with code 0
2025/03/24 12:13:28 [notice] 1#1: signal 29 (SIGIO) received
2025/03/24 12:13:28 [notice] 1#1: signal 17 (SIGCHLD) received from 32
2025/03/24 12:13:28 [notice] 1#1: worker process 32 exited with code 0
2025/03/24 12:13:28 [notice] 1#1: worker process 35 exited with code 0
2025/03/24 12:13:28 [notice] 1#1: exit
2025/03/24 12:13:28 [notice] 1#1: using the "epoll" event method
2025/03/24 12:13:28 [notice] 1#1: nginx/1.27.4
2025/03/24 12:13:28 [notice] 1#1: built by gcc 14.2.0 (Alpine 14.2.0) 
2025/03/24 12:13:28 [notice] 1#1: OS: Linux 6.13.8-arch1-1
2025/03/24 12:13:28 [notice] 1#1: getrlimit(RLIMIT_NOFILE): 1024:524288
2025/03/24 12:13:28 [notice] 1#1: start worker processes
2025/03/24 12:13:28 [notice] 1#1: start worker process 30
2025/03/24 12:13:28 [notice] 1#1: start worker process 31
2025/03/24 12:13:28 [notice] 1#1: start worker process 32
2025/03/24 12:13:28 [notice] 1#1: start worker process 33
2025/03/24 12:13:28 [notice] 1#1: start worker process 34
2025/03/24 12:13:28 [notice] 1#1: start worker process 35
2025/03/24 12:13:28 [notice] 1#1: start worker process 36
2025/03/24 12:13:28 [notice] 1#1: start worker process 37
